{
  "RSpec": {
    "coverage": {
      "/Users/chriseckert/workspace/g5/g5-widget-garden/config/environment.rb": [
        null,
        1,
        null,
        null,
        1,
        null,
        1,
        0,
        null,
        1,
        null,
        null
      ],
      "/Users/chriseckert/workspace/g5/g5-widget-garden/config/application.rb": [
        1,
        null,
        null,
        null,
        1,
        1,
        null,
        1,
        1,
        null,
        1,
        null,
        null,
        null,
        1,
        null,
        null,
        1,
        1,
        1,
        null,
        null,
        null,
        null,
        null,
        null,
        null,
        null,
        null,
        null,
        null,
        null,
        null,
        null,
        null,
        null,
        null,
        null,
        null,
        null,
        null,
        null,
        1,
        null,
        null,
        1,
        null,
        null,
        1,
        null,
        null,
        null,
        null,
        null,
        null,
        null,
        null,
        null,
        null,
        null,
        null,
        null,
        1,
        null,
        null,
        1,
        null,
        null,
        1,
        null,
        null
      ],
      "/Users/chriseckert/workspace/g5/g5-widget-garden/config/boot.rb": [
        1,
        null,
        null,
        1,
        null,
        1
      ],
      "/Users/chriseckert/workspace/g5/g5-widget-garden/config/environments/test.rb": [
        1,
        null,
        null,
        null,
        null,
        null,
        null,
        1,
        null,
        null,
        1,
        1,
        null,
        null,
        1,
        null,
        null,
        1,
        1,
        null,
        null,
        1,
        null,
        null,
        1,
        null,
        null,
        null,
        null,
        1,
        null,
        null,
        null,
        null,
        null,
        1,
        null
      ],
      "/Users/chriseckert/workspace/g5/g5-widget-garden/config/initializers/backtrace_silencers.rb": [
        null,
        null,
        null,
        null,
        null,
        null,
        null
      ],
      "/Users/chriseckert/workspace/g5/g5-widget-garden/config/initializers/g5_internal_widgets.rb": [

      ],
      "/Users/chriseckert/workspace/g5/g5-widget-garden/config/initializers/honeybadger.rb": [
        null,
        0,
        1
      ],
      "/Users/chriseckert/workspace/g5/g5-widget-garden/config/initializers/inflections.rb": [
        null,
        null,
        null,
        null,
        null,
        null,
        null,
        null,
        null,
        null,
        null,
        null,
        null,
        null,
        null
      ],
      "/Users/chriseckert/workspace/g5/g5-widget-garden/config/initializers/mime_types.rb": [
        null,
        null,
        null,
        null,
        null
      ],
      "/Users/chriseckert/workspace/g5/g5-widget-garden/config/initializers/secret_token.rb": [
        null,
        null,
        null,
        null,
        null,
        null,
        1
      ],
      "/Users/chriseckert/workspace/g5/g5-widget-garden/config/initializers/session_store.rb": [
        null,
        null,
        1,
        null,
        null,
        null,
        null,
        null
      ],
      "/Users/chriseckert/workspace/g5/g5-widget-garden/config/initializers/wrap_parameters.rb": [
        null,
        null,
        null,
        null,
        null,
        null,
        1,
        1,
        null,
        null,
        null,
        1,
        0,
        null
      ],
      "/Users/chriseckert/workspace/g5/g5-widget-garden/app/controllers/application_controller.rb": [
        1,
        1,
        null
      ],
      "/Users/chriseckert/workspace/g5/g5-widget-garden/app/helpers/application_helper.rb": [
        1,
        null
      ],
      "/Users/chriseckert/workspace/g5/g5-widget-garden/app/controllers/components_controller.rb": [
        1,
        1,
        15,
        15,
        405,
        null,
        null,
        null,
        null,
        1,
        0,
        0,
        0,
        null,
        null,
        null
      ],
      "/Users/chriseckert/workspace/g5/g5-widget-garden/app/decorators/component_decorator.rb": [
        1,
        1,
        409,
        409,
        null,
        null,
        1,
        2688,
        2688,
        2688,
        2688,
        2688,
        null,
        null,
        1,
        4970,
        null,
        null
      ],
      "/Users/chriseckert/workspace/g5/g5-widget-garden/config/routes.rb": [
        1,
        1,
        1,
        1,
        null
      ],
      "/Users/chriseckert/workspace/g5/g5-widget-garden/spec/integration/components_path_spec.rb": [
        1,
        null,
        1,
        1,
        15,
        null,
        null,
        1,
        1,
        null,
        null,
        1,
        1,
        null,
        null,
        1,
        1,
        1,
        27,
        null,
        null,
        null,
        1,
        1,
        27,
        null,
        null,
        null,
        1,
        1,
        27,
        null,
        null,
        null,
        1,
        1,
        27,
        null,
        null,
        null,
        1,
        1,
        27,
        null,
        null,
        null,
        1,
        1,
        27,
        null,
        null,
        null,
        1,
        1,
        27,
        null,
        null,
        null,
        1,
        1,
        27,
        null,
        null,
        null,
        1,
        1,
        null,
        null,
        null,
        1,
        1,
        1,
        0,
        null,
        null,
        1,
        1,
        null,
        null,
        1,
        1,
        null,
        null,
        1,
        1,
        null,
        null,
        null,
        1,
        1,
        0,
        0,
        null,
        null,
        null,
        null,
        null
      ],
      "/Users/chriseckert/workspace/g5/g5-widget-garden/spec/lib/g5_component_garden_spec.rb": [
        1,
        1,
        null,
        1,
        1,
        45,
        null,
        null,
        1,
        3,
        null,
        1,
        1,
        null,
        1,
        1,
        null,
        null,
        null,
        1,
        44,
        null,
        1,
        1,
        null,
        null,
        1,
        1,
        1,
        null,
        null,
        1,
        1,
        null,
        null,
        null,
        1,
        1,
        1,
        null,
        null,
        1,
        1,
        null,
        null,
        null,
        1,
        1,
        1,
        null,
        null,
        1,
        1,
        null,
        null,
        null,
        1,
        1,
        1,
        null,
        null,
        1,
        1,
        null,
        null,
        null,
        1,
        1,
        1,
        null,
        null,
        1,
        1,
        null,
        null,
        null,
        1,
        1,
        1,
        null,
        null,
        1,
        1,
        null,
        null,
        null,
        1,
        1,
        1,
        null,
        null,
        1,
        1,
        null,
        null,
        1,
        1,
        null,
        null,
        null,
        1,
        1,
        1,
        null,
        null,
        1,
        1,
        null,
        null,
        null,
        1,
        1,
        1,
        null,
        null,
        1,
        1,
        1,
        null,
        null,
        1,
        1,
        1,
        null,
        null,
        null,
        1,
        1,
        1,
        null,
        null,
        1,
        1,
        1,
        null,
        null,
        null,
        null,
        1,
        1,
        1,
        null,
        null,
        1,
        1,
        null,
        null,
        null,
        1,
        1,
        1,
        null,
        null,
        1,
        1,
        null,
        null,
        null,
        1,
        1,
        1,
        null,
        null,
        1,
        1,
        null,
        null,
        null,
        1,
        1,
        1,
        null,
        null,
        1,
        1,
        null,
        null,
        null,
        1,
        1,
        1,
        null,
        null,
        1,
        1,
        null,
        null,
        null,
        1,
        1,
        1,
        null,
        null,
        1,
        1,
        null,
        null,
        null,
        1,
        3,
        null,
        1,
        1,
        null,
        null,
        1,
        1,
        null,
        null,
        1,
        3,
        null,
        1,
        1,
        null,
        null,
        1,
        1,
        null,
        null,
        null,
        1,
        1,
        1,
        null,
        null,
        1,
        4,
        null,
        1,
        1,
        null,
        null,
        1,
        1,
        null,
        null,
        1,
        1,
        null,
        null,
        null,
        null,
        null,
        null
      ],
      "/Users/chriseckert/workspace/g5/g5-widget-garden/lib/g5_component_garden.rb": [
        1,
        null,
        1,
        1,
        1,
        null,
        1,
        1,
        null,
        null,
        null,
        15,
        15,
        null,
        null,
        1,
        null,
        17,
        null,
        17,
        407,
        null,
        null,
        null,
        1,
        null,
        43,
        null,
        43,
        null,
        null,
        1,
        null,
        450,
        450,
        null,
        null,
        450,
        450,
        450,
        null,
        450,
        450,
        null,
        450,
        450,
        null,
        450,
        null,
        450,
        450,
        null,
        450,
        null,
        null,
        1,
        450,
        75,
        null,
        450,
        285,
        null,
        null,
        null,
        1,
        525,
        null,
        null,
        1,
        735,
        null,
        null,
        1,
        1347,
        null,
        null,
        1,
        1347,
        null,
        null,
        1,
        2880,
        450,
        765,
        765,
        855,
        null,
        null,
        450,
        null,
        null,
        1,
        2880,
        null,
        null,
        1,
        510,
        null,
        null,
        1,
        1620,
        null,
        null,
        1,
        450,
        null,
        null,
        1,
        450,
        450,
        null,
        null,
        1,
        450,
        450,
        null,
        null,
        449,
        null,
        null,
        450,
        null,
        null,
        449,
        null,
        null,
        450,
        null,
        null,
        1,
        898,
        null,
        null,
        null,
        null
      ]
    },
    "timestamp": 1430784404
  }
}
